<?xml version="1.0" encoding="UTF-8"?>
<!-- Generated by org.testng.reporters.JUnitReportReporter -->
<testsuite hostname="PCQUNAR-QK24E42" name="com.qa.testcase.TestGrabAPI" tests="2" failures="0" timestamp="9 Dec 2018 04:40:57 GMT" time="3.477" errors="0">
  <testcase name="testSingleLocations" time="0.950" classname="com.qa.testcase.TestGrabAPI"/>
  <testcase name="testMutiLocations" time="2.527" classname="com.qa.testcase.TestGrabAPI"/>
</testsuite> <!-- com.qa.testcase.TestGrabAPI -->
